<?xml version="1.0" encoding="UTF-8"?>
<testsuite xmlns:xsi="http://www.w3.org/2001/XMLSchema-instance" xsi:noNamespaceSchemaLocation="https://maven.apache.org/surefire/maven-surefire-plugin/xsd/surefire-test-report-3.0.xsd" version="3.0" name="com.kmvelane.rangesummarizer.AppTest" time="0.096" tests="12" errors="0" skipped="0" failures="0">
  <properties>
    <property name="sun.desktop" value="windows"/>
    <property name="awt.toolkit" value="sun.awt.windows.WToolkit"/>
    <property name="file.encoding.pkg" value="sun.io"/>
    <property name="java.specification.version" value="1.8"/>
    <property name="sun.cpu.isalist" value="amd64"/>
    <property name="sun.jnu.encoding" value="Cp1252"/>
    <property name="java.class.path" value="c:\Users\velan\OneDrive\Documents\Projects\Java\NumberRangeSummarizer\rangesummarizer\target\test-classes;c:\Users\velan\OneDrive\Documents\Projects\Java\NumberRangeSummarizer\rangesummarizer\target\classes;C:\Users\velan\.m2\repository\org\junit\jupiter\junit-jupiter-api\5.7.0\junit-jupiter-api-5.7.0.jar;C:\Users\velan\.m2\repository\org\apiguardian\apiguardian-api\1.1.0\apiguardian-api-1.1.0.jar;C:\Users\velan\.m2\repository\org\opentest4j\opentest4j\1.2.0\opentest4j-1.2.0.jar;C:\Users\velan\.m2\repository\org\junit\platform\junit-platform-commons\1.7.0\junit-platform-commons-1.7.0.jar;C:\Users\velan\.m2\repository\org\junit\vintage\junit-vintage-engine\5.7.0\junit-vintage-engine-5.7.0.jar;C:\Users\velan\.m2\repository\org\junit\platform\junit-platform-engine\1.7.0\junit-platform-engine-1.7.0.jar;C:\Users\velan\.m2\repository\junit\junit\4.13\junit-4.13.jar;C:\Users\velan\.m2\repository\org\hamcrest\hamcrest-core\1.3\hamcrest-core-1.3.jar;"/>
    <property name="java.vm.vendor" value="Oracle Corporation"/>
    <property name="sun.arch.data.model" value="64"/>
    <property name="user.variant" value=""/>
    <property name="java.vendor.url" value="http://java.oracle.com/"/>
    <property name="user.timezone" value="Africa/Harare"/>
    <property name="java.vm.specification.version" value="1.8"/>
    <property name="os.name" value="Windows 10"/>
    <property name="user.country" value="ZA"/>
    <property name="sun.java.launcher" value="SUN_STANDARD"/>
    <property name="sun.boot.library.path" value="C:\Program Files\Java\jdk1.8.0_202\jre\bin"/>
    <property name="sun.java.command" value="C:\Users\velan\AppData\Local\Temp\surefire8636030886966710835\surefirebooter-20230427194841720_3.jar C:\Users\velan\AppData\Local\Temp\surefire8636030886966710835 2023-04-27T19-48-41_290-jvmRun1 surefire-20230427194841720_1tmp surefire_0-20230427194841720_2tmp"/>
    <property name="surefire.test.class.path" value="c:\Users\velan\OneDrive\Documents\Projects\Java\NumberRangeSummarizer\rangesummarizer\target\test-classes;c:\Users\velan\OneDrive\Documents\Projects\Java\NumberRangeSummarizer\rangesummarizer\target\classes;C:\Users\velan\.m2\repository\org\junit\jupiter\junit-jupiter-api\5.7.0\junit-jupiter-api-5.7.0.jar;C:\Users\velan\.m2\repository\org\apiguardian\apiguardian-api\1.1.0\apiguardian-api-1.1.0.jar;C:\Users\velan\.m2\repository\org\opentest4j\opentest4j\1.2.0\opentest4j-1.2.0.jar;C:\Users\velan\.m2\repository\org\junit\platform\junit-platform-commons\1.7.0\junit-platform-commons-1.7.0.jar;C:\Users\velan\.m2\repository\org\junit\vintage\junit-vintage-engine\5.7.0\junit-vintage-engine-5.7.0.jar;C:\Users\velan\.m2\repository\org\junit\platform\junit-platform-engine\1.7.0\junit-platform-engine-1.7.0.jar;C:\Users\velan\.m2\repository\junit\junit\4.13\junit-4.13.jar;C:\Users\velan\.m2\repository\org\hamcrest\hamcrest-core\1.3\hamcrest-core-1.3.jar;"/>
    <property name="sun.cpu.endian" value="little"/>
    <property name="user.home" value="C:\Users\velan"/>
    <property name="user.language" value="en"/>
    <property name="java.specification.vendor" value="Oracle Corporation"/>
    <property name="java.home" value="C:\Program Files\Java\jdk1.8.0_202\jre"/>
    <property name="basedir" value="c:\Users\velan\OneDrive\Documents\Projects\Java\NumberRangeSummarizer\rangesummarizer"/>
    <property name="file.separator" value="\"/>
    <property name="line.separator" value="&#10;"/>
    <property name="java.vm.specification.vendor" value="Oracle Corporation"/>
    <property name="java.specification.name" value="Java Platform API Specification"/>
    <property name="java.awt.graphicsenv" value="sun.awt.Win32GraphicsEnvironment"/>
    <property name="surefire.real.class.path" value="C:\Users\velan\AppData\Local\Temp\surefire8636030886966710835\surefirebooter-20230427194841720_3.jar"/>
    <property name="sun.boot.class.path" value="C:\Program Files\Java\jdk1.8.0_202\jre\lib\resources.jar;C:\Program Files\Java\jdk1.8.0_202\jre\lib\rt.jar;C:\Program Files\Java\jdk1.8.0_202\jre\lib\sunrsasign.jar;C:\Program Files\Java\jdk1.8.0_202\jre\lib\jsse.jar;C:\Program Files\Java\jdk1.8.0_202\jre\lib\jce.jar;C:\Program Files\Java\jdk1.8.0_202\jre\lib\charsets.jar;C:\Program Files\Java\jdk1.8.0_202\jre\lib\jfr.jar;C:\Program Files\Java\jdk1.8.0_202\jre\classes"/>
    <property name="user.script" value=""/>
    <property name="sun.management.compiler" value="HotSpot 64-Bit Tiered Compilers"/>
    <property name="java.runtime.version" value="1.8.0_202-b08"/>
    <property name="user.name" value="velan"/>
    <property name="path.separator" value=";"/>
    <property name="os.version" value="10.0"/>
    <property name="java.endorsed.dirs" value="C:\Program Files\Java\jdk1.8.0_202\jre\lib\endorsed"/>
    <property name="java.runtime.name" value="Java(TM) SE Runtime Environment"/>
    <property name="file.encoding" value="Cp1252"/>
    <property name="java.vm.name" value="Java HotSpot(TM) 64-Bit Server VM"/>
    <property name="localRepository" value="C:\Users\velan\.m2\repository"/>
    <property name="java.vendor.url.bug" value="http://bugreport.sun.com/bugreport/"/>
    <property name="java.io.tmpdir" value="C:\Users\velan\AppData\Local\Temp\"/>
    <property name="java.version" value="1.8.0_202"/>
    <property name="user.dir" value="c:\Users\velan\OneDrive\Documents\Projects\Java\NumberRangeSummarizer\rangesummarizer"/>
    <property name="os.arch" value="amd64"/>
    <property name="java.vm.specification.name" value="Java Virtual Machine Specification"/>
    <property name="java.awt.printerjob" value="sun.awt.windows.WPrinterJob"/>
    <property name="sun.os.patch.level" value=""/>
    <property name="java.library.path" value="C:\Program Files\Java\jdk1.8.0_202\jre\bin;C:\windows\Sun\Java\bin;C:\windows\system32;C:\windows;C:\Program Files\Eclipse Adoptium\jdk-17.0.7.7-hotspot\bin;C:\Program Files (x86)\Common Files\Oracle\Java\javapath;C:\windows\system32;C:\windows;C:\windows\System32\Wbem;C:\windows\System32\WindowsPowerShell\v1.0\;C:\windows\System32\OpenSSH\;C:\Program Files\Git\cmd;C:\Program Files\Java\apache-maven-3.9.1\bin;C:\Users\velan\anaconda3;C:\Users\velan\anaconda3\Library\mingw-w64\bin;C:\Users\velan\anaconda3\Library\usr\bin;C:\Users\velan\anaconda3\Library\bin;C:\Users\velan\anaconda3\Scripts;C:\Users\velan\AppData\Local\Programs\Python\Python311\Scripts\;C:\Users\velan\AppData\Local\Programs\Python\Python311\;C:\Users\velan\AppData\Local\Microsoft\WindowsApps;C:\Users\velan\AppData\Local\Programs\Microsoft VS Code\bin;C:\Program Files\Java\apache-maven-3.9.1\bin;;."/>
    <property name="java.vm.info" value="mixed mode"/>
    <property name="java.vendor" value="Oracle Corporation"/>
    <property name="java.vm.version" value="25.202-b08"/>
    <property name="java.ext.dirs" value="C:\Program Files\Java\jdk1.8.0_202\jre\lib\ext;C:\windows\Sun\Java\lib\ext"/>
    <property name="sun.io.unicode.encoding" value="UnicodeLittle"/>
    <property name="java.class.version" value="52.0"/>
  </properties>
  <testcase name="sequentialList" classname="com.kmvelane.rangesummarizer.AppTest" time="0.032"/>
  <testcase name="sequentialAndNonSequentialIntegers" classname="com.kmvelane.rangesummarizer.AppTest" time="0"/>
  <testcase name="emptyList" classname="com.kmvelane.rangesummarizer.AppTest" time="0"/>
  <testcase name="unorderedMix" classname="com.kmvelane.rangesummarizer.AppTest" time="0"/>
  <testcase name="orderedLargeListOfSequentialAndNonSequentials" classname="com.kmvelane.rangesummarizer.AppTest" time="0.004"/>
  <testcase name="unOrderedLargeListOfSequentialAndNonSequentials" classname="com.kmvelane.rangesummarizer.AppTest" time="0.001"/>
  <testcase name="invalidInput" classname="com.kmvelane.rangesummarizer.AppTest" time="0"/>
  <testcase name="reverseIntegerList" classname="com.kmvelane.rangesummarizer.AppTest" time="0.004"/>
  <testcase name="sequentialIntegers" classname="com.kmvelane.rangesummarizer.AppTest" time="0"/>
  <testcase name="singleItemList" classname="com.kmvelane.rangesummarizer.AppTest" time="0"/>
  <testcase name="floatingPointsList" classname="com.kmvelane.rangesummarizer.AppTest" time="0"/>
  <testcase name="nonSequentialList" classname="com.kmvelane.rangesummarizer.AppTest" time="0"/>
</testsuite>